<?xml version="1.0" encoding="UTF-8"?>
<coverage generated="1515762651885" clover="3.2.0">
  <project timestamp="1515762651885" name="All files">
    <metrics statements="24" coveredstatements="22" conditionals="14" coveredconditionals="11" methods="2" coveredmethods="1" elements="40" coveredelements="34" complexity="0" loc="24" ncloc="24" packages="1" files="1" classes="1">
      <file name="forward.js" path="/Users/yize/workspace/g/vision-utils/xswitch/src/forward.js">
        <metrics statements="24" coveredstatements="22" conditionals="14" coveredconditionals="11" methods="2" coveredmethods="1"/>
        <line num="1" count="1" type="stmt"/>
        <line num="2" count="1" type="stmt"/>
        <line num="3" count="1" type="stmt"/>
        <line num="5" count="1" type="stmt"/>
        <line num="6" count="21" type="cond" truecount="1" falsecount="1"/>
        <line num="10" count="0" type="stmt"/>
        <line num="11" count="0" type="stmt"/>
        <line num="14" count="21" type="stmt"/>
        <line num="15" count="21" type="stmt"/>
        <line num="16" count="21" type="stmt"/>
        <line num="17" count="16" type="stmt"/>
        <line num="18" count="16" type="cond" truecount="3" falsecount="1"/>
        <line num="19" count="16" type="stmt"/>
        <line num="20" count="16" type="stmt"/>
        <line num="23" count="16" type="cond" truecount="2" falsecount="0"/>
        <line num="25" count="10" type="stmt"/>
        <line num="26" count="10" type="stmt"/>
        <line num="28" count="6" type="stmt"/>
        <line num="31" count="16" type="cond" truecount="4" falsecount="0"/>
        <line num="32" count="12" type="stmt"/>
        <line num="33" count="12" type="stmt"/>
        <line num="37" count="4" type="stmt"/>
        <line num="42" count="5" type="stmt"/>
        <line num="46" count="1" type="stmt"/>
      </file>
    </metrics>
  </project>
</coverage>
