<?xml version="1.0" encoding="UTF-8"?>
<coverage generated="1515865546418" clover="3.2.0">
  <project timestamp="1515865546418" name="All files">
    <metrics statements="27" coveredstatements="26" conditionals="21" coveredconditionals="20" methods="2" coveredmethods="1" elements="50" coveredelements="47" complexity="0" loc="27" ncloc="27" packages="1" files="1" classes="1">
      <file name="forward.js" path="/Users/yize/workspace/g/vision-utils/xswitch/src/forward.js">
        <metrics statements="27" coveredstatements="26" conditionals="21" coveredconditionals="20" methods="2" coveredmethods="1"/>
        <line num="1" count="1" type="stmt"/>
        <line num="2" count="1" type="stmt"/>
        <line num="3" count="1" type="stmt"/>
        <line num="5" count="1" type="stmt"/>
        <line num="6" count="23" type="stmt"/>
        <line num="7" count="23" type="stmt"/>
        <line num="9" count="23" type="cond" truecount="5" falsecount="0"/>
        <line num="10" count="6" type="stmt"/>
        <line num="13" count="17" type="cond" truecount="2" falsecount="0"/>
        <line num="17" count="5" type="stmt"/>
        <line num="18" count="5" type="stmt"/>
        <line num="21" count="17" type="stmt"/>
        <line num="22" count="17" type="stmt"/>
        <line num="23" count="18" type="stmt"/>
        <line num="24" count="18" type="cond" truecount="3" falsecount="1"/>
        <line num="25" count="18" type="stmt"/>
        <line num="26" count="18" type="stmt"/>
        <line num="29" count="18" type="cond" truecount="2" falsecount="0"/>
        <line num="31" count="11" type="stmt"/>
        <line num="32" count="11" type="stmt"/>
        <line num="34" count="7" type="stmt"/>
        <line num="37" count="18" type="cond" truecount="4" falsecount="0"/>
        <line num="38" count="14" type="stmt"/>
        <line num="43" count="0" type="stmt"/>
        <line num="45" count="17" type="stmt"/>
        <line num="46" count="17" type="cond" truecount="2" falsecount="0"/>
        <line num="49" count="1" type="stmt"/>
      </file>
    </metrics>
  </project>
</coverage>
