{"/Users/yize/workspace/g/vision-utils/xswitch/src/forward.js": {"path":"/Users/yize/workspace/g/vision-utils/xswitch/src/forward.js","statementMap":{"0":{"start":{"line":1,"column":0},"end":{"line":1,"column":28}},"1":{"start":{"line":2,"column":0},"end":{"line":2,"column":24}},"2":{"start":{"line":3,"column":0},"end":{"line":3,"column":29}},"3":{"start":{"line":5,"column":0},"end":{"line":44,"column":2}},"4":{"start":{"line":6,"column":2},"end":{"line":12,"column":3}},"5":{"start":{"line":10,"column":4},"end":{"line":10,"column":24}},"6":{"start":{"line":11,"column":4},"end":{"line":11,"column":34}},"7":{"start":{"line":14,"column":16},"end":{"line":14,"column":40}},"8":{"start":{"line":15,"column":2},"end":{"line":43,"column":3}},"9":{"start":{"line":16,"column":4},"end":{"line":40,"column":5}},"10":{"start":{"line":17,"column":19},"end":{"line":17,"column":27}},"11":{"start":{"line":18,"column":6},"end":{"line":39,"column":7}},"12":{"start":{"line":19,"column":18},"end":{"line":19,"column":25}},"13":{"start":{"line":20,"column":22},"end":{"line":20,"column":27}},"14":{"start":{"line":23,"column":8},"end":{"line":29,"column":9}},"15":{"start":{"line":25,"column":10},"end":{"line":25,"column":61}},"16":{"start":{"line":26,"column":10},"end":{"line":26,"column":42}},"17":{"start":{"line":28,"column":10},"end":{"line":28,"column":50}},"18":{"start":{"line":31,"column":8},"end":{"line":38,"column":9}},"19":{"start":{"line":32,"column":10},"end":{"line":32,"column":51}},"20":{"start":{"line":33,"column":10},"end":{"line":35,"column":12}},"21":{"start":{"line":37,"column":10},"end":{"line":37,"column":20}},"22":{"start":{"line":42,"column":4},"end":{"line":42,"column":14}},"23":{"start":{"line":46,"column":0},"end":{"line":46,"column":83}},"24":{"start":{"line":46,"column":44},"end":{"line":46,"column":82}}},"fnMap":{"0":{"name":"(anonymous_0)","decl":{"start":{"line":5,"column":32},"end":{"line":5,"column":33}},"loc":{"start":{"line":5,"column":45},"end":{"line":44,"column":1}},"line":5},"1":{"name":"(anonymous_1)","decl":{"start":{"line":46,"column":33},"end":{"line":46,"column":34}},"loc":{"start":{"line":46,"column":44},"end":{"line":46,"column":82}},"line":46}},"branchMap":{"0":{"loc":{"start":{"line":6,"column":2},"end":{"line":12,"column":3}},"type":"if","locations":[{"start":{"line":6,"column":2},"end":{"line":12,"column":3}},{"start":{"line":6,"column":2},"end":{"line":12,"column":3}}],"line":6},"1":{"loc":{"start":{"line":7,"column":4},"end":{"line":8,"column":40}},"type":"binary-expr","locations":[{"start":{"line":7,"column":4},"end":{"line":7,"column":61}},{"start":{"line":8,"column":4},"end":{"line":8,"column":40}}],"line":7},"2":{"loc":{"start":{"line":18,"column":6},"end":{"line":39,"column":7}},"type":"if","locations":[{"start":{"line":18,"column":6},"end":{"line":39,"column":7}},{"start":{"line":18,"column":6},"end":{"line":39,"column":7}}],"line":18},"3":{"loc":{"start":{"line":18,"column":10},"end":{"line":18,"column":25}},"type":"binary-expr","locations":[{"start":{"line":18,"column":10},"end":{"line":18,"column":14}},{"start":{"line":18,"column":18},"end":{"line":18,"column":25}}],"line":18},"4":{"loc":{"start":{"line":23,"column":8},"end":{"line":29,"column":9}},"type":"if","locations":[{"start":{"line":23,"column":8},"end":{"line":29,"column":9}},{"start":{"line":23,"column":8},"end":{"line":29,"column":9}}],"line":23},"5":{"loc":{"start":{"line":31,"column":8},"end":{"line":38,"column":9}},"type":"if","locations":[{"start":{"line":31,"column":8},"end":{"line":38,"column":9}},{"start":{"line":31,"column":8},"end":{"line":38,"column":9}}],"line":31},"6":{"loc":{"start":{"line":31,"column":12},"end":{"line":31,"column":65}},"type":"binary-expr","locations":[{"start":{"line":31,"column":12},"end":{"line":31,"column":19}},{"start":{"line":31,"column":23},"end":{"line":31,"column":65}}],"line":31}},"s":{"0":1,"1":1,"2":1,"3":1,"4":21,"5":0,"6":0,"7":21,"8":21,"9":21,"10":16,"11":16,"12":16,"13":16,"14":16,"15":10,"16":10,"17":6,"18":16,"19":12,"20":12,"21":4,"22":5,"23":1,"24":0},"f":{"0":21,"1":0},"b":{"0":[0,21],"1":[21,0],"2":[16,0],"3":[16,16],"4":[10,6],"5":[12,4],"6":[16,12]},"_coverageSchema":"332fd63041d2c1bcb487cc26dd0d5f7d97098a6c","hash":"0ee2e6388d1097516e87a357c69d047128bd2a4d"}
}
