{"/Users/yize/workspace/g/vision-utils/xswitch/src/forward.js": {"path":"/Users/yize/workspace/g/vision-utils/xswitch/src/forward.js","statementMap":{"0":{"start":{"line":1,"column":0},"end":{"line":1,"column":28}},"1":{"start":{"line":2,"column":0},"end":{"line":2,"column":24}},"2":{"start":{"line":3,"column":0},"end":{"line":3,"column":29}},"3":{"start":{"line":5,"column":0},"end":{"line":47,"column":2}},"4":{"start":{"line":6,"column":16},"end":{"line":6,"column":40}},"5":{"start":{"line":7,"column":20},"end":{"line":7,"column":31}},"6":{"start":{"line":9,"column":2},"end":{"line":11,"column":3}},"7":{"start":{"line":10,"column":4},"end":{"line":10,"column":14}},"8":{"start":{"line":13,"column":2},"end":{"line":19,"column":3}},"9":{"start":{"line":17,"column":4},"end":{"line":17,"column":24}},"10":{"start":{"line":18,"column":4},"end":{"line":18,"column":34}},"11":{"start":{"line":21,"column":2},"end":{"line":44,"column":3}},"12":{"start":{"line":22,"column":4},"end":{"line":41,"column":5}},"13":{"start":{"line":23,"column":19},"end":{"line":23,"column":27}},"14":{"start":{"line":24,"column":6},"end":{"line":40,"column":7}},"15":{"start":{"line":25,"column":18},"end":{"line":25,"column":25}},"16":{"start":{"line":26,"column":22},"end":{"line":26,"column":27}},"17":{"start":{"line":29,"column":8},"end":{"line":35,"column":9}},"18":{"start":{"line":31,"column":10},"end":{"line":31,"column":61}},"19":{"start":{"line":32,"column":10},"end":{"line":32,"column":42}},"20":{"start":{"line":34,"column":10},"end":{"line":34,"column":50}},"21":{"start":{"line":37,"column":8},"end":{"line":39,"column":9}},"22":{"start":{"line":38,"column":10},"end":{"line":38,"column":58}},"23":{"start":{"line":43,"column":4},"end":{"line":43,"column":41}},"24":{"start":{"line":45,"column":2},"end":{"line":45,"column":43}},"25":{"start":{"line":46,"column":2},"end":{"line":46,"column":60}},"26":{"start":{"line":49,"column":0},"end":{"line":49,"column":83}},"27":{"start":{"line":49,"column":44},"end":{"line":49,"column":82}}},"fnMap":{"0":{"name":"(anonymous_0)","decl":{"start":{"line":5,"column":32},"end":{"line":5,"column":33}},"loc":{"start":{"line":5,"column":45},"end":{"line":47,"column":1}},"line":5},"1":{"name":"(anonymous_1)","decl":{"start":{"line":49,"column":33},"end":{"line":49,"column":34}},"loc":{"start":{"line":49,"column":44},"end":{"line":49,"column":82}},"line":49}},"branchMap":{"0":{"loc":{"start":{"line":9,"column":2},"end":{"line":11,"column":3}},"type":"if","locations":[{"start":{"line":9,"column":2},"end":{"line":11,"column":3}},{"start":{"line":9,"column":2},"end":{"line":11,"column":3}}],"line":9},"1":{"loc":{"start":{"line":9,"column":6},"end":{"line":9,"column":68}},"type":"binary-expr","locations":[{"start":{"line":9,"column":6},"end":{"line":9,"column":12}},{"start":{"line":9,"column":16},"end":{"line":9,"column":29}},{"start":{"line":9,"column":33},"end":{"line":9,"column":68}}],"line":9},"2":{"loc":{"start":{"line":13,"column":2},"end":{"line":19,"column":3}},"type":"if","locations":[{"start":{"line":13,"column":2},"end":{"line":19,"column":3}},{"start":{"line":13,"column":2},"end":{"line":19,"column":3}}],"line":13},"3":{"loc":{"start":{"line":14,"column":4},"end":{"line":15,"column":40}},"type":"binary-expr","locations":[{"start":{"line":14,"column":4},"end":{"line":14,"column":60}},{"start":{"line":15,"column":4},"end":{"line":15,"column":40}}],"line":14},"4":{"loc":{"start":{"line":24,"column":6},"end":{"line":40,"column":7}},"type":"if","locations":[{"start":{"line":24,"column":6},"end":{"line":40,"column":7}},{"start":{"line":24,"column":6},"end":{"line":40,"column":7}}],"line":24},"5":{"loc":{"start":{"line":24,"column":10},"end":{"line":24,"column":25}},"type":"binary-expr","locations":[{"start":{"line":24,"column":10},"end":{"line":24,"column":14}},{"start":{"line":24,"column":18},"end":{"line":24,"column":25}}],"line":24},"6":{"loc":{"start":{"line":29,"column":8},"end":{"line":35,"column":9}},"type":"if","locations":[{"start":{"line":29,"column":8},"end":{"line":35,"column":9}},{"start":{"line":29,"column":8},"end":{"line":35,"column":9}}],"line":29},"7":{"loc":{"start":{"line":37,"column":8},"end":{"line":39,"column":9}},"type":"if","locations":[{"start":{"line":37,"column":8},"end":{"line":39,"column":9}},{"start":{"line":37,"column":8},"end":{"line":39,"column":9}}],"line":37},"8":{"loc":{"start":{"line":37,"column":12},"end":{"line":37,"column":65}},"type":"binary-expr","locations":[{"start":{"line":37,"column":12},"end":{"line":37,"column":19}},{"start":{"line":37,"column":23},"end":{"line":37,"column":65}}],"line":37},"9":{"loc":{"start":{"line":46,"column":9},"end":{"line":46,"column":59}},"type":"cond-expr","locations":[{"start":{"line":46,"column":39},"end":{"line":46,"column":41}},{"start":{"line":46,"column":44},"end":{"line":46,"column":59}}],"line":46}},"s":{"0":1,"1":1,"2":1,"3":1,"4":23,"5":23,"6":23,"7":6,"8":17,"9":5,"10":5,"11":17,"12":17,"13":18,"14":18,"15":18,"16":18,"17":18,"18":11,"19":11,"20":7,"21":18,"22":14,"23":0,"24":17,"25":17,"26":1,"27":0},"f":{"0":23,"1":0},"b":{"0":[6,17],"1":[23,17,17],"2":[5,12],"3":[17,5],"4":[18,0],"5":[18,18],"6":[11,7],"7":[14,4],"8":[18,14],"9":[4,13]},"_coverageSchema":"332fd63041d2c1bcb487cc26dd0d5f7d97098a6c","hash":"0859c0cfc5c11ad0442dfec33762f42e1a196ffe"}
}
