TN:
SF:/Users/yize/workspace/g/vision-utils/xswitch/src/forward.js
FN:5,(anonymous_0)
FN:49,(anonymous_1)
FNF:2
FNH:1
FNDA:23,(anonymous_0)
FNDA:0,(anonymous_1)
DA:1,1
DA:2,1
DA:3,1
DA:5,1
DA:6,23
DA:7,23
DA:9,23
DA:10,6
DA:13,17
DA:17,5
DA:18,5
DA:21,17
DA:22,17
DA:23,18
DA:24,18
DA:25,18
DA:26,18
DA:29,18
DA:31,11
DA:32,11
DA:34,7
DA:37,18
DA:38,14
DA:43,0
DA:45,17
DA:46,17
DA:49,1
LF:27
LH:26
BRDA:9,0,0,6
BRDA:9,0,1,17
BRDA:9,1,0,23
BRDA:9,1,1,17
BRDA:9,1,2,17
BRDA:13,2,0,5
BRDA:13,2,1,12
BRDA:14,3,0,17
BRDA:14,3,1,5
BRDA:24,4,0,18
BRDA:24,4,1,0
BRDA:24,5,0,18
BRDA:24,5,1,18
BRDA:29,6,0,11
BRDA:29,6,1,7
BRDA:37,7,0,14
BRDA:37,7,1,4
BRDA:37,8,0,18
BRDA:37,8,1,14
BRDA:46,9,0,4
BRDA:46,9,1,13
BRF:21
BRH:20
end_of_record
