TN:
SF:/Users/yize/workspace/g/vision-utils/xswitch/src/forward.js
FN:5,(anonymous_0)
FN:46,(anonymous_1)
FNF:2
FNH:1
FNDA:21,(anonymous_0)
FNDA:0,(anonymous_1)
DA:1,1
DA:2,1
DA:3,1
DA:5,1
DA:6,21
DA:10,0
DA:11,0
DA:14,21
DA:15,21
DA:16,21
DA:17,16
DA:18,16
DA:19,16
DA:20,16
DA:23,16
DA:25,10
DA:26,10
DA:28,6
DA:31,16
DA:32,12
DA:33,12
DA:37,4
DA:42,5
DA:46,1
LF:24
LH:22
BRDA:6,0,0,0
BRDA:6,0,1,21
BRDA:7,1,0,21
BRDA:7,1,1,0
BRDA:18,2,0,16
BRDA:18,2,1,0
BRDA:18,3,0,16
BRDA:18,3,1,16
BRDA:23,4,0,10
BRDA:23,4,1,6
BRDA:31,5,0,12
BRDA:31,5,1,4
BRDA:31,6,0,16
BRDA:31,6,1,12
BRF:14
BRH:11
end_of_record
